Grading at 12/07/2021:22:10:50.100131
For commit ID 218d692758af83adbf819d103df98de2d5c3544f
Grading at Tue Dec  7 17:10:36 EST 2021
Checking Step 1 test cases required for extra credit

Compiling cyoa-step1
make: 'cyoa-step1' is up to date.
Compiled for step 1
+-----------------------------------------------------------------------+
Test case 1 (success): cyoa-step1 /usr/local/ece551/cyoa/story1/page1.txt
Your file matched the expected output
+-----------------------------------------------------------------------+
Test case 2 (success): cyoa-step1 /usr/local/ece551/cyoa/story1/page2.txt
Your file matched the expected output
+-----------------------------------------------------------------------+
Test case 3 (success): cyoa-step1 /usr/local/ece551/cyoa/story1/page3.txt
Your file matched the expected output
+-----------------------------------------------------------------------+
Test case 4 (success): cyoa-step1 /usr/local/ece551/cyoa/story1/page4.txt
Your file matched the expected output
+-----------------------------------------------------------------------+
Test case 5 (success): cyoa-step1 /usr/local/ece551/cyoa/story1/page5.txt
Your file matched the expected output
+-----------------------------------------------------------------------+
Test case 6 (success): cyoa-step1 /usr/local/ece551/cyoa/story2/page1.txt
Your file matched the expected output
+-----------------------------------------------------------------------+
Test case 7 (success): cyoa-step1 /usr/local/ece551/cyoa/story2/page2.txt
Your file matched the expected output
+-----------------------------------------------------------------------+
Test case 8 (success): cyoa-step1 /usr/local/ece551/cyoa/story2/page3.txt
Your file matched the expected output
+-----------------------------------------------------------------------+
Test case 9 (success): cyoa-step1 /usr/local/ece551/cyoa/story2/page4.txt
Your file matched the expected output
+-----------------------------------------------------------------------+
Test case 10 (success): cyoa-step1 /usr/local/ece551/cyoa/story2/page5.txt
Your file matched the expected output
Step 1: PASSED Pre-Grader Test Cases

Compiling cyoa-step2
The code did not compile!
Did not compile for step 2

Compiling cyoa-step3
The code did not compile!
Did not compile for step 3

Compiling cyoa-step4
The code did not compile!
Did not compile for step 4
Running your test cases

Compiling cyoa-step1
make: 'cyoa-step1' is up to date.
+-----------------------------------------------------------------------+
Test case 1 (error): cyoa-step1 page2.txt
Your program successfully indicated a failure case
+-----------------------------------------------------------------------+
Test case 2 (error): cyoa-step1 page4.txt


You listed this in #errors, and we agree that it is an error case.
However, your program did not properly indicate an error case by BOTH
Writing an error message to standard ERROR and exiting EXIT_FAILURE
In particular,
Exit Status was 0
+-----------------------------------------------------------------------+
Test case 3 (success): cyoa-step1 page1.txt
Your file matched the expected output
+-----------------------------------------------------------------------+
Test case 4 (success): cyoa-step1 page3.txt
Your file matched the expected output

You have FAILED one or more of your test cases
Keep debugging

Overall Grade: NO GRADE YET
